<?xml version="1.0" encoding="UTF-8"?>
<testng-results ignored="0" total="1" passed="0" failed="1" skipped="0">
  <reporter-output>
  </reporter-output>
  <suite started-at="2023-08-28T17:05:45 IST" name="testSuites" finished-at="2023-08-28T17:05:55 IST" duration-ms="9722">
    <groups>
      <group name="cucumber">
        <method signature="AbstractTestNGCucumberTests.runScenario(io.cucumber.testng.PickleWrapper,io.cucumber.testng.FeatureWrapper)[pri:0, instance:com.swissre.ioms.testSuites.dummyUI.CucumberRunnerTest@c33b74f]" name="runScenario" class="io.cucumber.testng.AbstractTestNGCucumberTests"/>
      </group> <!-- cucumber -->
    </groups>
    <test started-at="2023-08-28T17:05:45 IST" name="example1" finished-at="2023-08-28T17:05:55 IST" duration-ms="9722">
      <class name="com.swissre.ioms.testSuites.dummyUI.CucumberRunnerTest">
        <test-method is-config="true" signature="beforeAll()[pri:0, instance:com.swissre.ioms.testSuites.dummyUI.CucumberRunnerTest@c33b74f]" started-at="2023-08-28T17:05:45 IST" name="beforeAll" finished-at="2023-08-28T17:05:45 IST" duration-ms="67" status="PASS">
          <reporter-output>
          </reporter-output>
        </test-method> <!-- beforeAll -->
        <test-method is-config="true" signature="setUpClass(org.testng.ITestContext)[pri:0, instance:com.swissre.ioms.testSuites.dummyUI.CucumberRunnerTest@c33b74f]" started-at="2023-08-28T17:05:45 IST" name="setUpClass" finished-at="2023-08-28T17:05:46 IST" duration-ms="890" status="PASS">
          <params>
            <param index="0">
              <value>
                <![CDATA[org.testng.TestRunner@3b69e7d1]]>
              </value>
            </param>
          </params>
          <reporter-output>
          </reporter-output>
        </test-method> <!-- setUpClass -->
        <test-method is-config="true" signature="launchBrowser()[pri:0, instance:com.swissre.ioms.testSuites.dummyUI.CucumberRunnerTest@c33b74f]" started-at="2023-08-28T17:05:46 IST" name="launchBrowser" finished-at="2023-08-28T17:05:54 IST" duration-ms="7762" status="PASS">
          <reporter-output>
          </reporter-output>
        </test-method> <!-- launchBrowser -->
        <test-method signature="runScenario(io.cucumber.testng.PickleWrapper,io.cucumber.testng.FeatureWrapper)[pri:0, instance:com.swissre.ioms.testSuites.dummyUI.CucumberRunnerTest@c33b74f]" started-at="2023-08-28T17:05:54 IST" name="runScenario" description="Runs Cucumber Scenarios" data-provider="scenarios" finished-at="2023-08-28T17:05:54 IST" duration-ms="597" status="FAIL">
          <params>
            <param index="0">
              <value>
                <![CDATA["locators: Scenario Verify Home button in InfoOrigin website"]]>
              </value>
            </param>
            <param index="1">
              <value>
                <![CDATA["User able to create deal in TCM"]]>
              </value>
            </param>
          </params>
          <exception class="java.lang.AssertionError">
            <message>
              <![CDATA[expected [OM] but found [Home]]]>
            </message>
            <full-stacktrace>
              <![CDATA[java.lang.AssertionError: expected [OM] but found [Home]
at org.testng.Assert.fail(Assert.java:110)
at org.testng.Assert.failNotEquals(Assert.java:1413)
at org.testng.Assert.assertEqualsImpl(Assert.java:149)
at org.testng.Assert.assertEquals(Assert.java:131)
at org.testng.Assert.assertEquals(Assert.java:655)
at org.testng.Assert.assertEquals(Assert.java:665)
at com.swissre.ioms.stepDefinitions.dummyUI.example.verifyTheAs(example.java:61)
at âœ½.Verify the 'Home Text' as 'OM'(file:///C:/Dev/Disha/unified-automation-framework/src/test/java/com/swissre/ioms/features/dummyUI/example3.feature:8)
]]>
            </full-stacktrace>
          </exception> <!-- java.lang.AssertionError -->
          <reporter-output>
          </reporter-output>
        </test-method> <!-- runScenario -->
        <test-method is-config="true" signature="destroyBrowser()[pri:0, instance:com.swissre.ioms.testSuites.dummyUI.CucumberRunnerTest@c33b74f]" started-at="2023-08-28T17:05:54 IST" name="destroyBrowser" finished-at="2023-08-28T17:05:55 IST" duration-ms="289" status="PASS">
          <reporter-output>
          </reporter-output>
        </test-method> <!-- destroyBrowser -->
        <test-method is-config="true" signature="tearDownClass()[pri:0, instance:com.swissre.ioms.testSuites.dummyUI.CucumberRunnerTest@c33b74f]" started-at="2023-08-28T17:05:55 IST" name="tearDownClass" finished-at="2023-08-28T17:05:55 IST" duration-ms="113" status="PASS">
          <reporter-output>
          </reporter-output>
        </test-method> <!-- tearDownClass -->
        <test-method is-config="true" signature="afterAll()[pri:0, instance:com.swissre.ioms.testSuites.dummyUI.CucumberRunnerTest@c33b74f]" started-at="2023-08-28T17:05:55 IST" name="afterAll" finished-at="2023-08-28T17:05:55 IST" duration-ms="1" status="PASS">
          <reporter-output>
          </reporter-output>
        </test-method> <!-- afterAll -->
      </class> <!-- com.swissre.ioms.testSuites.dummyUI.CucumberRunnerTest -->
    </test> <!-- example1 -->
  </suite> <!-- testSuites -->
</testng-results>
