<?xml version="1.0" encoding="UTF-8"?>
<!-- Generated by org.testng.reporters.JUnitReportReporter -->
<testsuite hostname="IOTPL39PC35" failures="1" tests="1" name="com.swissre.ioms.testSuites.dummyUI.CucumberRunnerTest" time="0.597" errors="0" timestamp="2023-08-28T17:05:55 IST" skipped="0">
  <testcase classname="com.swissre.ioms.testSuites.dummyUI.CucumberRunnerTest" name="runScenario" time="0.597">
    <failure message="expected [OM] but found [Home]" type="java.lang.AssertionError">
      <![CDATA[java.lang.AssertionError: expected [OM] but found [Home]
at org.testng.Assert.fail(Assert.java:110)
at org.testng.Assert.failNotEquals(Assert.java:1413)
at org.testng.Assert.assertEqualsImpl(Assert.java:149)
at org.testng.Assert.assertEquals(Assert.java:131)
at org.testng.Assert.assertEquals(Assert.java:655)
at org.testng.Assert.assertEquals(Assert.java:665)
at com.swissre.ioms.stepDefinitions.dummyUI.example.verifyTheAs(example.java:61)
at âœ½.Verify the 'Home Text' as 'OM'(file:///C:/Dev/Disha/unified-automation-framework/src/test/java/com/swissre/ioms/features/dummyUI/example3.feature:8)
]]>
    </failure>
  </testcase> <!-- runScenario -->
  <system-out/>
</testsuite> <!-- com.swissre.ioms.testSuites.dummyUI.CucumberRunnerTest -->
